
> keralagiftsonline-frontend@3.0.0 dev
> next dev

 ⚠ Port 3000 is in use, trying 3001 instead.
  ▲ Next.js 14.2.32
  - Local:        http://localhost:3001
  - Experiments (use with caution):
    · esmExternals

 ✓ Starting...
 ✓ Ready in 3s
 ○ Compiling / ...
 ✓ Compiled / in 1784ms (374 modules)
 ✓ Compiled in 186ms (374 modules)
 GET / 200 in 2268ms
 ○ Compiling /admin ...
 ✓ Compiled /admin in 2.7s (1112 modules)
 GET /admin 200 in 3118ms
 ○ Compiling /_error ...
 ✓ Compiled /_error in 3s (1114 modules)
 GET /.well-known/appspecific/com.chrome.devtools.json 404 in 3037ms
 GET / 200 in 335ms
 GET /.well-known/appspecific/com.chrome.devtools.json 404 in 24ms
 ✓ Compiled /products in 227ms (1122 modules)
[?25h
