
[0;35m============================================================[0m
[0;35m🚀 KeralGiftsOnline Full-Stack Deployment[0m
[0;35m============================================================[0m
[0;36mProject:[0m onyourbehlf
[0;36mAPI Service:[0m api
[0;36mFrontend Service:[0m default
[0;36mAPI Version:[0m api-20260209093654
[0;36mFrontend Version:[0m 20260209093654
[0;35m============================================================[0m


[0;34m[STEP][0m 1. Environment Validation
[0;34m────────────────────────────────────────────────────────────[0m
[0;32m[SUCCESS][0m ✓ Project structure validated
[0;32m[SUCCESS][0m ✓ Google Cloud SDK found
[0;32m[SUCCESS][0m ✓ Google Cloud authentication verified
[0;32m[SUCCESS][0m ✓ Project verified: onyourbehlf
[0;32m[SUCCESS][0m ✓ Required tools available

[0;34m[STEP][0m 2. JSON Files Validation
[0;34m────────────────────────────────────────────────────────────[0m
[0;32m[SUCCESS][0m ✓ Found: backend/Products/keralagiftsonline.products.json
[0;32m[SUCCESS][0m ✓ Found: backend/Products/keralagiftsonline.categories.json
[0;32m[SUCCESS][0m ✓ Found: backend/Products/keralagiftsonline.occasions.json
[0;36m[INFO][0m Validating JSON syntax...
[0;32m[SUCCESS][0m ✓ Valid JSON: backend/Products/keralagiftsonline.products.json (140334 bytes)
[0;32m[SUCCESS][0m ✓ Valid JSON: backend/Products/keralagiftsonline.categories.json (3771 bytes)
[0;32m[SUCCESS][0m ✓ Valid JSON: backend/Products/keralagiftsonline.occasions.json (1349 bytes)
[0;32m[SUCCESS][0m ✓ All JSON files validated

[0;34m[STEP][0m 3. Backend Build Validation
[0;34m────────────────────────────────────────────────────────────[0m
[0;36m[INFO][0m Installing/updating backend dependencies...
[0;32m[SUCCESS][0m ✓ Backend dependencies installed
[0;36m[INFO][0m Compiling TypeScript...

> keralagiftsonline-backend@3.0.0 build
> tsc

[0;32m[SUCCESS][0m ✓ TypeScript compilation successful
[0;32m[SUCCESS][0m ✓ Backend build output verified
[0;36m[INFO][0m Skipping frontend build validation (backend-only deployment)

[0;34m[STEP][0m 5. Cleaning Up Old Versions
[0;34m────────────────────────────────────────────────────────────[0m
[0;36m[INFO][0m Cleaning up old API versions...
[1;33m[WARNING][0m Failed to stop API traffic (service might not exist yet)
[0;36m[INFO][0m Skipping frontend cleanup (backend-only deployment)

[0;34m[STEP][0m 6. Deploying Backend API Service
[0;34m────────────────────────────────────────────────────────────[0m
[0;36m[INFO][0m Starting backend deployment to Google App Engine Standard...
[0;36m[INFO][0m Using Standard environment (scales to zero, 80-90% cost reduction!)
[0;36m[INFO][0m This may take several minutes...
