
[0;35m============================================================[0m
[0;35m🚀 KeralGiftsOnline Full-Stack Deployment[0m
[0;35m============================================================[0m
[0;36mProject:[0m onyourbehlf
[0;36mAPI Service:[0m api
[0;36mFrontend Service:[0m default
[0;36mAPI Version:[0m api-20260106131541
[0;36mFrontend Version:[0m 20260106131541
[0;35m============================================================[0m


[0;34m[STEP][0m 1. Environment Validation
[0;34m────────────────────────────────────────────────────────────[0m
[0;32m[SUCCESS][0m ✓ Project structure validated
[0;32m[SUCCESS][0m ✓ Google Cloud SDK found
[0;32m[SUCCESS][0m ✓ Google Cloud authentication verified
[0;32m[SUCCESS][0m ✓ Project verified: onyourbehlf
[0;32m[SUCCESS][0m ✓ Required tools available

[0;34m[STEP][0m 2. JSON Files Validation
[0;34m────────────────────────────────────────────────────────────[0m
[0;32m[SUCCESS][0m ✓ Found: backend/Products/keralagiftsonline.products.json
[0;32m[SUCCESS][0m ✓ Found: backend/Products/keralagiftsonline.categories.json
[0;32m[SUCCESS][0m ✓ Found: backend/Products/keralagiftsonline.occasions.json
[0;36m[INFO][0m Validating JSON syntax...
[0;32m[SUCCESS][0m ✓ Valid JSON: backend/Products/keralagiftsonline.products.json (140334 bytes)
[0;32m[SUCCESS][0m ✓ Valid JSON: backend/Products/keralagiftsonline.categories.json (3771 bytes)
[0;32m[SUCCESS][0m ✓ Valid JSON: backend/Products/keralagiftsonline.occasions.json (1349 bytes)
[0;32m[SUCCESS][0m ✓ All JSON files validated

[0;34m[STEP][0m 3. Backend Build Validation
[0;34m────────────────────────────────────────────────────────────[0m
[0;36m[INFO][0m Installing/updating backend dependencies...
[0;32m[SUCCESS][0m ✓ Backend dependencies installed
[0;36m[INFO][0m Compiling TypeScript...

> keralagiftsonline-backend@3.0.0 build
> tsc

[0;32m[SUCCESS][0m ✓ TypeScript compilation successful
[0;32m[SUCCESS][0m ✓ Backend build output verified

[0;34m[STEP][0m 4. Frontend Build Validation
[0;34m────────────────────────────────────────────────────────────[0m
[0;36m[INFO][0m Installing/updating frontend dependencies...
[0;32m[SUCCESS][0m ✓ Frontend dependencies installed
[0;36m[INFO][0m Building frontend...

> keralagiftsonline-frontend@3.0.0 build
> NODE_ENV=production next build

  ▲ Next.js 14.2.32
  - Environments: .env.production
  - Experiments (use with caution):
    · esmExternals

   Skipping linting
   Checking validity of types ...
   Creating an optimized production build ...
 ✓ Compiled successfully
   Collecting page data ...
   Generating static pages (0/11) ...
   Generating static pages (2/11) 
   Generating static pages (5/11) 
   Generating static pages (8/11) 
 ✓ Generating static pages (11/11)
   Finalizing page optimization ...
   Collecting build traces ...

Route (pages)                              Size     First Load JS
┌ ƒ /                                      6.38 kB         128 kB
├   /_app                                  0 B             110 kB
├ ○ /404                                   715 B           115 kB
├ ○ /500                                   704 B           110 kB
├ ƒ /about                                 6.03 kB         116 kB
├ ƒ /admin                                 1.02 kB         111 kB
├ ○ /admin/categories                      3.89 kB         117 kB
├ ○ /admin/dashboard                       490 B           114 kB
├ ○ /admin/monitoring                      5.36 kB         119 kB
├ ○ /admin/occasions                       4.89 kB         118 kB
├ ○ /admin/orders                          23.6 kB         137 kB
├ ○ /admin/products                        11.3 kB         124 kB
├ ○ /admin/users                           3.11 kB         116 kB
├ ƒ /api/health                            0 B             110 kB
├ ƒ /cart                                  7.05 kB         119 kB
├ ○ /categories                            997 B           113 kB
├ ƒ /category/[slug]                       2.84 kB         124 kB
├ ƒ /checkout                              12.8 kB         125 kB
├ ƒ /contact                               3.65 kB         113 kB
├ ƒ /login                                 2.65 kB         115 kB
├ ƒ /occasion/[slug]                       3.37 kB         125 kB
├ ○ /order-confirmation/[orderId]          3.52 kB         115 kB
├ ƒ /orders                                3.57 kB         115 kB
├ ƒ /privacy                               4.39 kB         114 kB
├ ƒ /products                              5.5 kB          122 kB
├ ƒ /products/[id]                         3.11 kB         120 kB
├ ƒ /profile                               3.24 kB         115 kB
├ ƒ /register                              2.88 kB         115 kB
├ ƒ /shipping                              4.32 kB         114 kB
├ ƒ /sitemap.xml                           242 B           110 kB
├ ƒ /terms                                 2.72 kB         112 kB
└ ƒ /wishlist                              2.59 kB         114 kB
+ First Load JS shared by all              123 kB
  ├ chunks/framework-14efab3c3d1ed63b.js   44.9 kB
  ├ chunks/main-6fc172ebbac272e9.js        34 kB
  ├ chunks/pages/_app-619dc1e5b6e3b752.js  30 kB
  ├ css/39996e4453179fa4.css               13.7 kB
  └ other shared chunks (total)            815 B

ƒ Middleware                               26.4 kB

○  (Static)   prerendered as static content
ƒ  (Dynamic)  server-rendered on demand

[0;32m[SUCCESS][0m ✓ Frontend build successful
[0;32m[SUCCESS][0m ✓ Frontend build output verified

[0;34m[STEP][0m 5. Cleaning Up Old Versions
[0;34m────────────────────────────────────────────────────────────[0m
[0;36m[INFO][0m Cleaning up old API versions...
[1;33m[WARNING][0m Failed to stop API traffic (service might not exist yet)
[0;36m[INFO][0m Deleting API version: api-20251229113902
[0;32m[SUCCESS][0m ✓ Deleted API version: api-20251229113902
[0;36m[INFO][0m Cleaning up old frontend versions...
[1;33m[WARNING][0m Failed to stop frontend traffic (service might not exist yet)
[0;36m[INFO][0m Deleting frontend version: 20251229085751
[1;33m[WARNING][0m Failed to delete frontend version 20251229085751

[0;34m[STEP][0m 6. Deploying Backend API Service
[0;34m────────────────────────────────────────────────────────────[0m
[0;36m[INFO][0m Starting backend deployment to Google App Engine Standard...
[0;36m[INFO][0m Using Standard environment (scales to zero, 80-90% cost reduction!)
[0;36m[INFO][0m This may take several minutes...
[0;32m[SUCCESS][0m ✓ Backend API deployed: api-20260106131541
[0;36m[INFO][0m API Version URL: https://api-20260106131541-dot-api-dot-onyourbehlf.uc.r.appspot.com
[0;36m[INFO][0m 💰 Cost savings: Standard environment scales to zero (no cost when idle)

[0;34m[STEP][0m 7. Deploying Frontend Service
[0;34m────────────────────────────────────────────────────────────[0m
[0;36m[INFO][0m Starting frontend deployment to Google App Engine...
[0;36m[INFO][0m This may take several minutes...
[0;32m[SUCCESS][0m ✓ Frontend deployed: 20260106131541
[0;36m[INFO][0m Frontend Version URL: https://20260106131541-dot-default-dot-onyourbehlf.uc.r.appspot.com

[0;34m[STEP][0m 8. Waiting for Backend API to be Ready
[0;34m────────────────────────────────────────────────────────────[0m
[0;36m[INFO][0m Waiting for backend API to be ready...
[0;36m[INFO][0m Testing URL: https://api-20260106131541-dot-api-dot-onyourbehlf.uc.r.appspot.com/api/health-status
[0;36m[INFO][0m Attempt 1/30...
[0;32m[SUCCESS][0m ✓ Backend API is ready and responding

[0;34m[STEP][0m 9. Waiting for Frontend to be Ready
[0;34m────────────────────────────────────────────────────────────[0m
[0;36m[INFO][0m Waiting for frontend to be ready...
[0;36m[INFO][0m Testing URL: https://20260106131541-dot-default-dot-onyourbehlf.uc.r.appspot.com
[0;36m[INFO][0m Attempt 1/30...
[0;32m[SUCCESS][0m ✓ Frontend is ready and responding

[0;34m[STEP][0m 10. Testing Backend API Endpoints
[0;34m────────────────────────────────────────────────────────────[0m
[0;36m[INFO][0m Testing health endpoint...
[0;32m[SUCCESS][0m ✓ Health endpoint working
[0;36m[INFO][0m Testing products endpoint...
[0;32m[SUCCESS][0m ✓ Products endpoint working
[0;36m[INFO][0m Testing categories endpoint...
[0;32m[SUCCESS][0m ✓ Categories endpoint working
[0;36m[INFO][0m Testing occasions endpoint...
[0;32m[SUCCESS][0m ✓ Occasions endpoint working
[0;32m[SUCCESS][0m ✓ All backend endpoints verified

[0;34m[STEP][0m 11. Testing Frontend-Backend Connectivity
[0;34m────────────────────────────────────────────────────────────[0m
[0;36m[INFO][0m Testing frontend-backend connectivity...
[0;32m[SUCCESS][0m ✓ Frontend is configured to use correct API URL
[0;32m[SUCCESS][0m ✓ Frontend-backend connectivity verified

[0;34m[STEP][0m 12. Promoting Services to Production
[0;34m────────────────────────────────────────────────────────────[0m
[0;36m[INFO][0m Promoting backend API to production...
Setting the following traffic allocation:
 - onyourbehlf/api/api-20260106131541: 1.0
NOTE: Splitting traffic by ip.
Any other versions of the specified service will receive zero traffic.
Setting traffic split for service [api]...
......done.
[0;32m[SUCCESS][0m ✓ Backend API promoted to production
[0;36m[INFO][0m Promoting frontend to production...
Setting the following traffic allocation:
 - onyourbehlf/default/20260106131541: 1.0
NOTE: Splitting traffic by ip.
Any other versions of the specified service will receive zero traffic.
Setting traffic split for service [default]...
...................................done.
[0;32m[SUCCESS][0m ✓ Frontend promoted to production

[0;34m[STEP][0m 13. Post-Deployment Cleanup
[0;34m────────────────────────────────────────────────────────────[0m
[0;36m[INFO][0m Ensuring only the new versions are serving...
[0;36m[INFO][0m Checking backend versions...
[0;32m[SUCCESS][0m ✓ No old backend versions found
[0;36m[INFO][0m Checking frontend versions...
[0;36m[INFO][0m Found old frontend versions to delete:
20251229085751
[0;36m[INFO][0m Deleting old frontend version: 20251229085751
[0;32m[SUCCESS][0m ✓ Deleted old frontend version: 20251229085751

[0;34m[STEP][0m 14. Final Production Verification
[0;34m────────────────────────────────────────────────────────────[0m
[0;36m[INFO][0m Verifying backend production URL...
[0;32m[SUCCESS][0m ✓ Backend production URL responding correctly
[0;36m[INFO][0m Verifying frontend production URL...
[0;31m[ERROR][0m Frontend production URL returned status: 301
